<?xml version="1.0" encoding="UTF-8" ?>
<testsuite tests="2" failures="0" name="com.github.maven.example.tests.WidgetTest" time="0.005" errors="0" skipped="0">
  <properties>
    <property name="java.runtime.name" value="Java(TM) SE Runtime Environment"/>
    <property name="java.vm.version" value="11.0.6+8-LTS"/>
    <property name="sun.boot.library.path" value="C:\Users\Jeevitha.V\Downloads\jdk-11.0.6_windows-x64_bin\jdk-11.0.6\bin"/>
    <property name="maven.multiModuleProjectDirectory" value="E:/DevOps/mvn/github-maven-example/example"/>
    <property name="java.vm.vendor" value="Oracle Corporation"/>
    <property name="java.vendor.url" value="http://java.oracle.com/"/>
    <property name="guice.disable.misplaced.annotation.check" value="true"/>
    <property name="path.separator" value=";"/>
    <property name="java.vm.name" value="Java HotSpot(TM) 64-Bit Server VM"/>
    <property name="sun.os.patch.level" value=""/>
    <property name="user.script" value=""/>
    <property name="user.country" value="US"/>
    <property name="sun.java.launcher" value="SUN_STANDARD"/>
    <property name="java.vm.specification.name" value="Java Virtual Machine Specification"/>
    <property name="user.dir" value="E:\DevOps\mvn\github-maven-example\example"/>
    <property name="java.vm.compressedOopsMode" value="32-bit"/>
    <property name="java.runtime.version" value="11.0.6+8-LTS"/>
    <property name="java.awt.graphicsenv" value="sun.awt.Win32GraphicsEnvironment"/>
    <property name="os.arch" value="amd64"/>
    <property name="java.io.tmpdir" value="C:\Users\Jeevitha.V\AppData\Local\Temp\"/>
    <property name="line.separator" value="
"/>
    <property name="java.vm.specification.vendor" value="Oracle Corporation"/>
    <property name="user.variant" value=""/>
    <property name="os.name" value="Windows 10"/>
    <property name="classworlds.conf" value="E:/DevOps/Tools/apache-maven-3.6.3-bin/maven3.6.3/bin/m2.conf"/>
    <property name="sun.jnu.encoding" value="Cp1252"/>
    <property name="java.library.path" value="C:\Users\Jeevitha.V\Downloads\jdk-11.0.6_windows-x64_bin\jdk-11.0.6\bin;C:\Windows\Sun\Java\bin;C:\Windows\system32;C:\Windows;C:\Users\Jeevitha.V\bin;C:\Users\Jeevitha.V\AppData\Local\Programs\Git\mingw64\bin;C:\Users\Jeevitha.V\AppData\Local\Programs\Git\usr\local\bin;C:\Users\Jeevitha.V\AppData\Local\Programs\Git\usr\bin;C:\Users\Jeevitha.V\AppData\Local\Programs\Git\usr\bin;C:\Users\Jeevitha.V\AppData\Local\Programs\Git\mingw64\bin;C:\Users\Jeevitha.V\AppData\Local\Programs\Git\usr\bin;C:\Users\Jeevitha.V\bin;C:\Program Files (x86)\Common Files\Oracle\Java\javapath;C:\Windows\system32;C:\Windows;C:\Windows\System32\Wbem;C:\Windows\System32\WindowsPowerShell\v1.0;C:\Windows\System32\OpenSSH;C:\Program Files\Intel\WiFi\bin;C:\Program Files\Common Files\Intel\WirelessCommon;C:\Program Files\Java\jdk1.8.0_231\bin;E:\DevOps\Tools\apache-maven-3.6.3-bin\maven3.6.3\bin;C:\Users\Jeevitha.V\Downloads\jdk-11.0.6_windows-x64_bin\jdk-11.0.6\bin;C:\Users\Jeevitha.V\AppData\Local\Microsoft\WindowsApps;C:\Users\Jeevitha.V\AppData\Local\Programs\Git\cmd;C:\Users\Jeevitha.V\AppData\Local\Programs\Git\usr\bin\vendor_perl;C:\Users\Jeevitha.V\AppData\Local\Programs\Git\usr\bin\core_perl;."/>
    <property name="maven.conf" value="E:/DevOps/Tools/apache-maven-3.6.3-bin/maven3.6.3/conf"/>
    <property name="jdk.debug" value="release"/>
    <property name="java.class.version" value="55.0"/>
    <property name="java.specification.name" value="Java Platform API Specification"/>
    <property name="sun.management.compiler" value="HotSpot 64-Bit Tiered Compilers"/>
    <property name="os.version" value="10.0"/>
    <property name="library.jansi.path" value="E:/DevOps/Tools/apache-maven-3.6.3-bin/maven3.6.3/lib/jansi-native"/>
    <property name="user.home" value="C:\Users\Jeevitha.V"/>
    <property name="user.timezone" value="Asia/Calcutta"/>
    <property name="java.awt.printerjob" value="sun.awt.windows.WPrinterJob"/>
    <property name="file.encoding" value="Cp1252"/>
    <property name="java.specification.version" value="11"/>
    <property name="user.name" value="Jeevitha.V"/>
    <property name="java.class.path" value="E:/DevOps/Tools/apache-maven-3.6.3-bin/maven3.6.3/boot/plexus-classworlds-2.6.0.jar"/>
    <property name="java.vm.specification.version" value="11"/>
    <property name="sun.arch.data.model" value="64"/>
    <property name="sun.java.command" value="org.codehaus.plexus.classworlds.launcher.Launcher install"/>
    <property name="java.home" value="C:\Users\Jeevitha.V\Downloads\jdk-11.0.6_windows-x64_bin\jdk-11.0.6"/>
    <property name="user.language" value="en"/>
    <property name="java.specification.vendor" value="Oracle Corporation"/>
    <property name="awt.toolkit" value="sun.awt.windows.WToolkit"/>
    <property name="java.vm.info" value="mixed mode"/>
    <property name="java.version" value="11.0.6"/>
    <property name="java.vendor" value="Oracle Corporation"/>
    <property name="maven.home" value="E:\DevOps\Tools\apache-maven-3.6.3-bin\maven3.6.3"/>
    <property name="file.separator" value="\"/>
    <property name="java.version.date" value="2020-01-14"/>
    <property name="java.vendor.url.bug" value="http://bugreport.java.com/bugreport/"/>
    <property name="sun.io.unicode.encoding" value="UnicodeLittle"/>
    <property name="sun.cpu.endian" value="little"/>
    <property name="java.vendor.version" value="18.9"/>
    <property name="sun.desktop" value="windows"/>
    <property name="sun.cpu.isalist" value="amd64"/>
  </properties>
  <testcase classname="com.github.maven.example.tests.WidgetTest" name="updateEnableState" time="0.005"/>
  <testcase classname="com.github.maven.example.tests.WidgetTest" name="defaultState" time="0"/>
</testsuite>